Start testing: May 24 19:26 MSK
----------------------------------------------------------
1/7 Testing: HasherIntegrationTest.MetadataChangeIsPersistedWithoutHashChange
1/7 Test: HasherIntegrationTest.MetadataChangeIsPersistedWithoutHashChange
Command: "/Users/insany/Documents/osnova/proga/cpp/CodeGhost/build/codeghost_tests" "--gtest_filter=HasherIntegrationTest.MetadataChangeIsPersistedWithoutHashChange" "--gtest_also_run_disabled_tests"
Directory: /Users/insany/Documents/osnova/proga/cpp/CodeGhost/build
"HasherIntegrationTest.MetadataChangeIsPersistedWithoutHashChange" start time: May 24 19:26 MSK
Output:
----------------------------------------------------------
Running main() from /Users/insany/Documents/osnova/proga/cpp/CodeGhost/build/_deps/googletest-src/googletest/src/gtest_main.cc
Note: Google Test filter = HasherIntegrationTest.MetadataChangeIsPersistedWithoutHashChange
[==========] Running 1 test from 1 test suite.
[----------] Global test environment set-up.
[----------] 1 test from HasherIntegrationTest
[ RUN      ] HasherIntegrationTest.MetadataChangeIsPersistedWithoutHashChange
[       OK ] HasherIntegrationTest.MetadataChangeIsPersistedWithoutHashChange (1 ms)
[----------] 1 test from HasherIntegrationTest (1 ms total)

[----------] Global test environment tear-down
[==========] 1 test from 1 test suite ran. (1 ms total)
[  PASSED  ] 1 test.
<end of output>
Test time =   0.01 sec
----------------------------------------------------------
Test Passed.
"HasherIntegrationTest.MetadataChangeIsPersistedWithoutHashChange" end time: May 24 19:26 MSK
"HasherIntegrationTest.MetadataChangeIsPersistedWithoutHashChange" time elapsed: 00:00:00
----------------------------------------------------------

2/7 Testing: HasherIntegrationTest.DirectoryMoveRekeysRuntimeEntries
2/7 Test: HasherIntegrationTest.DirectoryMoveRekeysRuntimeEntries
Command: "/Users/insany/Documents/osnova/proga/cpp/CodeGhost/build/codeghost_tests" "--gtest_filter=HasherIntegrationTest.DirectoryMoveRekeysRuntimeEntries" "--gtest_also_run_disabled_tests"
Directory: /Users/insany/Documents/osnova/proga/cpp/CodeGhost/build
"HasherIntegrationTest.DirectoryMoveRekeysRuntimeEntries" start time: May 24 19:26 MSK
Output:
----------------------------------------------------------
Running main() from /Users/insany/Documents/osnova/proga/cpp/CodeGhost/build/_deps/googletest-src/googletest/src/gtest_main.cc
Note: Google Test filter = HasherIntegrationTest.DirectoryMoveRekeysRuntimeEntries
[==========] Running 1 test from 1 test suite.
[----------] Global test environment set-up.
[----------] 1 test from HasherIntegrationTest
[ RUN      ] HasherIntegrationTest.DirectoryMoveRekeysRuntimeEntries
[       OK ] HasherIntegrationTest.DirectoryMoveRekeysRuntimeEntries (2 ms)
[----------] 1 test from HasherIntegrationTest (2 ms total)

[----------] Global test environment tear-down
[==========] 1 test from 1 test suite ran. (2 ms total)
[  PASSED  ] 1 test.
<end of output>
Test time =   0.01 sec
----------------------------------------------------------
Test Passed.
"HasherIntegrationTest.DirectoryMoveRekeysRuntimeEntries" end time: May 24 19:26 MSK
"HasherIntegrationTest.DirectoryMoveRekeysRuntimeEntries" time elapsed: 00:00:00
----------------------------------------------------------

3/7 Testing: FilesystemMonitoringIntegrationTest.WatcherReceivesCreateEvent
3/7 Test: FilesystemMonitoringIntegrationTest.WatcherReceivesCreateEvent
Command: "/Users/insany/Documents/osnova/proga/cpp/CodeGhost/build/codeghost_tests" "--gtest_filter=FilesystemMonitoringIntegrationTest.WatcherReceivesCreateEvent" "--gtest_also_run_disabled_tests"
Directory: /Users/insany/Documents/osnova/proga/cpp/CodeGhost/build
"FilesystemMonitoringIntegrationTest.WatcherReceivesCreateEvent" start time: May 24 19:26 MSK
Output:
----------------------------------------------------------
Running main() from /Users/insany/Documents/osnova/proga/cpp/CodeGhost/build/_deps/googletest-src/googletest/src/gtest_main.cc
Note: Google Test filter = FilesystemMonitoringIntegrationTest.WatcherReceivesCreateEvent
[==========] Running 1 test from 1 test suite.
[----------] Global test environment set-up.
[----------] 1 test from FilesystemMonitoringIntegrationTest
[ RUN      ] FilesystemMonitoringIntegrationTest.WatcherReceivesCreateEvent
/Users/insany/Documents/osnova/proga/cpp/CodeGhost/tests/integration/filesystem_monitoring_test.cpp:28: Skipped
inotify watcher integration tests require Linux

[  SKIPPED ] FilesystemMonitoringIntegrationTest.WatcherReceivesCreateEvent (0 ms)
[----------] 1 test from FilesystemMonitoringIntegrationTest (0 ms total)

[----------] Global test environment tear-down
[==========] 1 test from 1 test suite ran. (0 ms total)
[  PASSED  ] 0 tests.
[  SKIPPED ] 1 test, listed below:
[  SKIPPED ] FilesystemMonitoringIntegrationTest.WatcherReceivesCreateEvent
<end of output>
Test time =   0.01 sec
----------------------------------------------------------
Test Pass Reason:
Skip regular expression found in output. Regex=[\[  SKIPPED \]]
"FilesystemMonitoringIntegrationTest.WatcherReceivesCreateEvent" end time: May 24 19:26 MSK
"FilesystemMonitoringIntegrationTest.WatcherReceivesCreateEvent" time elapsed: 00:00:00
----------------------------------------------------------

4/7 Testing: WatcherIntegrationTest.ReceivesDeleteEvent
4/7 Test: WatcherIntegrationTest.ReceivesDeleteEvent
Command: "/Users/insany/Documents/osnova/proga/cpp/CodeGhost/build/codeghost_tests" "--gtest_filter=WatcherIntegrationTest.ReceivesDeleteEvent" "--gtest_also_run_disabled_tests"
Directory: /Users/insany/Documents/osnova/proga/cpp/CodeGhost/build
"WatcherIntegrationTest.ReceivesDeleteEvent" start time: May 24 19:26 MSK
Output:
----------------------------------------------------------
Running main() from /Users/insany/Documents/osnova/proga/cpp/CodeGhost/build/_deps/googletest-src/googletest/src/gtest_main.cc
Note: Google Test filter = WatcherIntegrationTest.ReceivesDeleteEvent
[==========] Running 1 test from 1 test suite.
[----------] Global test environment set-up.
[----------] 1 test from WatcherIntegrationTest
[ RUN      ] WatcherIntegrationTest.ReceivesDeleteEvent
/Users/insany/Documents/osnova/proga/cpp/CodeGhost/tests/integration/watcher_delete_test.cpp:24: Skipped
inotify watcher integration tests require Linux

[  SKIPPED ] WatcherIntegrationTest.ReceivesDeleteEvent (0 ms)
[----------] 1 test from WatcherIntegrationTest (0 ms total)

[----------] Global test environment tear-down
[==========] 1 test from 1 test suite ran. (0 ms total)
[  PASSED  ] 0 tests.
[  SKIPPED ] 1 test, listed below:
[  SKIPPED ] WatcherIntegrationTest.ReceivesDeleteEvent
<end of output>
Test time =   0.01 sec
----------------------------------------------------------
Test Pass Reason:
Skip regular expression found in output. Regex=[\[  SKIPPED \]]
"WatcherIntegrationTest.ReceivesDeleteEvent" end time: May 24 19:26 MSK
"WatcherIntegrationTest.ReceivesDeleteEvent" time elapsed: 00:00:00
----------------------------------------------------------

5/7 Testing: WatcherIntegrationTest.ReceivesModifyEvent
5/7 Test: WatcherIntegrationTest.ReceivesModifyEvent
Command: "/Users/insany/Documents/osnova/proga/cpp/CodeGhost/build/codeghost_tests" "--gtest_filter=WatcherIntegrationTest.ReceivesModifyEvent" "--gtest_also_run_disabled_tests"
Directory: /Users/insany/Documents/osnova/proga/cpp/CodeGhost/build
"WatcherIntegrationTest.ReceivesModifyEvent" start time: May 24 19:26 MSK
Output:
----------------------------------------------------------
Running main() from /Users/insany/Documents/osnova/proga/cpp/CodeGhost/build/_deps/googletest-src/googletest/src/gtest_main.cc
Note: Google Test filter = WatcherIntegrationTest.ReceivesModifyEvent
[==========] Running 1 test from 1 test suite.
[----------] Global test environment set-up.
[----------] 1 test from WatcherIntegrationTest
[ RUN      ] WatcherIntegrationTest.ReceivesModifyEvent
/Users/insany/Documents/osnova/proga/cpp/CodeGhost/tests/integration/watcher_modify_test.cpp:24: Skipped
inotify watcher integration tests require Linux

[  SKIPPED ] WatcherIntegrationTest.ReceivesModifyEvent (0 ms)
[----------] 1 test from WatcherIntegrationTest (0 ms total)

[----------] Global test environment tear-down
[==========] 1 test from 1 test suite ran. (0 ms total)
[  PASSED  ] 0 tests.
[  SKIPPED ] 1 test, listed below:
[  SKIPPED ] WatcherIntegrationTest.ReceivesModifyEvent
<end of output>
Test time =   0.01 sec
----------------------------------------------------------
Test Pass Reason:
Skip regular expression found in output. Regex=[\[  SKIPPED \]]
"WatcherIntegrationTest.ReceivesModifyEvent" end time: May 24 19:26 MSK
"WatcherIntegrationTest.ReceivesModifyEvent" time elapsed: 00:00:00
----------------------------------------------------------

6/7 Testing: WatcherIntegrationTest.RecursiveWatchReceivesCreateEventInSubdirectory
6/7 Test: WatcherIntegrationTest.RecursiveWatchReceivesCreateEventInSubdirectory
Command: "/Users/insany/Documents/osnova/proga/cpp/CodeGhost/build/codeghost_tests" "--gtest_filter=WatcherIntegrationTest.RecursiveWatchReceivesCreateEventInSubdirectory" "--gtest_also_run_disabled_tests"
Directory: /Users/insany/Documents/osnova/proga/cpp/CodeGhost/build
"WatcherIntegrationTest.RecursiveWatchReceivesCreateEventInSubdirectory" start time: May 24 19:26 MSK
Output:
----------------------------------------------------------
Running main() from /Users/insany/Documents/osnova/proga/cpp/CodeGhost/build/_deps/googletest-src/googletest/src/gtest_main.cc
Note: Google Test filter = WatcherIntegrationTest.RecursiveWatchReceivesCreateEventInSubdirectory
[==========] Running 1 test from 1 test suite.
[----------] Global test environment set-up.
[----------] 1 test from WatcherIntegrationTest
[ RUN      ] WatcherIntegrationTest.RecursiveWatchReceivesCreateEventInSubdirectory
/Users/insany/Documents/osnova/proga/cpp/CodeGhost/tests/integration/watcher_recursive_test.cpp:24: Skipped
inotify watcher integration tests require Linux

[  SKIPPED ] WatcherIntegrationTest.RecursiveWatchReceivesCreateEventInSubdirectory (0 ms)
[----------] 1 test from WatcherIntegrationTest (0 ms total)

[----------] Global test environment tear-down
[==========] 1 test from 1 test suite ran. (0 ms total)
[  PASSED  ] 0 tests.
[  SKIPPED ] 1 test, listed below:
[  SKIPPED ] WatcherIntegrationTest.RecursiveWatchReceivesCreateEventInSubdirectory
<end of output>
Test time =   0.01 sec
----------------------------------------------------------
Test Pass Reason:
Skip regular expression found in output. Regex=[\[  SKIPPED \]]
"WatcherIntegrationTest.RecursiveWatchReceivesCreateEventInSubdirectory" end time: May 24 19:26 MSK
"WatcherIntegrationTest.RecursiveWatchReceivesCreateEventInSubdirectory" time elapsed: 00:00:00
----------------------------------------------------------

7/7 Testing: WatcherIntegrationTest.RecursiveWatchSkipsIgnoredDirectory
7/7 Test: WatcherIntegrationTest.RecursiveWatchSkipsIgnoredDirectory
Command: "/Users/insany/Documents/osnova/proga/cpp/CodeGhost/build/codeghost_tests" "--gtest_filter=WatcherIntegrationTest.RecursiveWatchSkipsIgnoredDirectory" "--gtest_also_run_disabled_tests"
Directory: /Users/insany/Documents/osnova/proga/cpp/CodeGhost/build
"WatcherIntegrationTest.RecursiveWatchSkipsIgnoredDirectory" start time: May 24 19:26 MSK
Output:
----------------------------------------------------------
Running main() from /Users/insany/Documents/osnova/proga/cpp/CodeGhost/build/_deps/googletest-src/googletest/src/gtest_main.cc
Note: Google Test filter = WatcherIntegrationTest.RecursiveWatchSkipsIgnoredDirectory
[==========] Running 1 test from 1 test suite.
[----------] Global test environment set-up.
[----------] 1 test from WatcherIntegrationTest
[ RUN      ] WatcherIntegrationTest.RecursiveWatchSkipsIgnoredDirectory
/Users/insany/Documents/osnova/proga/cpp/CodeGhost/tests/integration/watcher_ignore_paths_test.cpp:22: Skipped
inotify watcher integration tests require Linux

[  SKIPPED ] WatcherIntegrationTest.RecursiveWatchSkipsIgnoredDirectory (0 ms)
[----------] 1 test from WatcherIntegrationTest (0 ms total)

[----------] Global test environment tear-down
[==========] 1 test from 1 test suite ran. (0 ms total)
[  PASSED  ] 0 tests.
[  SKIPPED ] 1 test, listed below:
[  SKIPPED ] WatcherIntegrationTest.RecursiveWatchSkipsIgnoredDirectory
<end of output>
Test time =   0.01 sec
----------------------------------------------------------
Test Pass Reason:
Skip regular expression found in output. Regex=[\[  SKIPPED \]]
"WatcherIntegrationTest.RecursiveWatchSkipsIgnoredDirectory" end time: May 24 19:26 MSK
"WatcherIntegrationTest.RecursiveWatchSkipsIgnoredDirectory" time elapsed: 00:00:00
----------------------------------------------------------

End testing: May 24 19:26 MSK
